0 info it worked if it ends with ok
1 verbose cli [ '/usr/local/bin/node', '/usr/local/bin/npm', 'run', 'serve' ]
2 info using npm@2.15.1
3 info using node@v0.10.46
4 verbose run-script [ 'preserve', 'serve', 'postserve' ]
5 info preserve @
6 info serve @
7 verbose unsafe-perm in lifecycle true
8 info @ Failed to exec serve script
9 verbose stack Error: @ serve: `gulp serve`
9 verbose stack Exit status 8
9 verbose stack     at EventEmitter.<anonymous> (/usr/local/lib/node_modules/npm/lib/utils/lifecycle.js:217:16)
9 verbose stack     at EventEmitter.emit (events.js:98:17)
9 verbose stack     at ChildProcess.<anonymous> (/usr/local/lib/node_modules/npm/lib/utils/spawn.js:24:14)
9 verbose stack     at ChildProcess.emit (events.js:98:17)
9 verbose stack     at maybeClose (child_process.js:766:16)
9 verbose stack     at Process.ChildProcess._handle.onexit (child_process.js:833:5)
10 verbose pkgid @
11 verbose cwd /Users/jromero/Documents/development/MyBookApp
12 error Darwin 16.3.0
13 error argv "/usr/local/bin/node" "/usr/local/bin/npm" "run" "serve"
14 error node v0.10.46
15 error npm  v2.15.1
16 error code ELIFECYCLE
17 error @ serve: `gulp serve`
17 error Exit status 8
18 error Failed at the @ serve script 'gulp serve'.
18 error This is most likely a problem with the  package,
18 error not with npm itself.
18 error Tell the author that this fails on your system:
18 error     gulp serve
18 error You can get information on how to open an issue for this project with:
18 error     npm bugs
18 error Or if that isn't available, you can get their info via:
18 error
18 error     npm owner ls
18 error There is likely additional logging output above.
19 verbose exit [ 1, true ]
